<?xml version="1.0" encoding="UTF-8"?>
<!-- Generated by org.testng.reporters.JUnitXMLReporter -->
<testsuite ignored="0" hostname="DESKTOP-MDUOTHM" failures="0" tests="6" name="OpenCartTest" time="209.943" errors="0" timestamp="2023-06-21T14:31:57 AST">
  <testcase classname="testCases.TC03_LoginDataDrivenTest" name="test_LoginDD" time="14.67"/>
  <testcase classname="testCases.TC03_LoginDataDrivenTest" name="test_LoginDD" time="22.089"/>
  <testcase classname="testCases.TC03_LoginDataDrivenTest" name="test_LoginDD" time="21.814"/>
  <testcase classname="testCases.TC03_LoginDataDrivenTest" name="test_LoginDD" time="23.577"/>
  <testcase classname="testCases.TC03_LoginDataDrivenTest" name="test_LoginDD" time="25.583"/>
  <testcase classname="testCases.TC03_LoginDataDrivenTest" name="test_LoginDD" time="5.522"/>
</testsuite> <!-- OpenCartTest -->
