<?xml version="1.0" encoding="UTF-8"?>
<testng-results ignored="0" total="1" passed="1" failed="0" skipped="0">
  <reporter-output>
  </reporter-output>
  <suite started-at="2023-06-22T13:42:33 AST" name="OpenCartSuite" finished-at="2023-06-22T13:43:57 AST" duration-ms="84161">
    <groups>
      <group name="Master">
        <method signature="TC02_LoginTest.test_Login()[pri:0, instance:testCases.TC02_LoginTest@75d3a5e0]" name="test_Login" class="testCases.TC02_LoginTest"/>
      </group> <!-- Master -->
      <group name="Sanity">
        <method signature="TC02_LoginTest.test_Login()[pri:0, instance:testCases.TC02_LoginTest@75d3a5e0]" name="test_Login" class="testCases.TC02_LoginTest"/>
      </group> <!-- Sanity -->
    </groups>
    <test started-at="2023-06-22T13:42:33 AST" name="OpenCartTest" finished-at="2023-06-22T13:43:57 AST" duration-ms="84161">
      <class name="testCases.TC02_LoginTest">
        <test-method is-config="true" signature="setUp(java.lang.String)[pri:0, instance:testCases.TC02_LoginTest@75d3a5e0]" started-at="2023-06-22T13:42:34 AST" name="setUp" finished-at="2023-06-22T13:43:33 AST" duration-ms="58664" status="PASS">
          <params>
            <param index="0">
              <value>
                <![CDATA[chrome]]>
              </value>
            </param>
          </params>
          <reporter-output>
          </reporter-output>
        </test-method> <!-- setUp -->
        <test-method signature="test_Login()[pri:0, instance:testCases.TC02_LoginTest@75d3a5e0]" started-at="2023-06-22T13:43:33 AST" name="test_Login" finished-at="2023-06-22T13:43:49 AST" duration-ms="16788" status="PASS">
          <reporter-output>
          </reporter-output>
        </test-method> <!-- test_Login -->
        <test-method is-config="true" signature="tearDown()[pri:0, instance:testCases.TC02_LoginTest@75d3a5e0]" started-at="2023-06-22T13:43:50 AST" name="tearDown" finished-at="2023-06-22T13:43:57 AST" duration-ms="7301" status="PASS">
          <reporter-output>
          </reporter-output>
        </test-method> <!-- tearDown -->
      </class> <!-- testCases.TC02_LoginTest -->
    </test> <!-- OpenCartTest -->
  </suite> <!-- OpenCartSuite -->
</testng-results>
