<?xml version="1.0" encoding="UTF-8"?>
<!-- Generated by org.testng.reporters.JUnitXMLReporter -->
<testsuite ignored="1" hostname="DESKTOP-MDUOTHM" failures="0" tests="1" name="OpenCartTest" time="92.906" errors="0" timestamp="2023-06-21T10:24:19 AST">
  <testcase classname="testCases.TC02_LoginTest" name="test_Login" time="11.692"/>
  <testcase classname="testCases.TC01_AccountRegistrationTest" name="test_accnt_reg" time="0.0">
    <ignored/>
  </testcase> <!-- test_accnt_reg -->
</testsuite> <!-- OpenCartTest -->
